c:\users\yarde\onedrive\documents\visual studio 2017\projects\firstproject\firstproject\debug\vc141.pdb
c:\users\yarde\onedrive\documents\visual studio 2017\projects\firstproject\firstproject\debug\vc141.idb
c:\users\yarde\onedrive\documents\visual studio 2017\projects\firstproject\firstproject\debug\ex1.obj
c:\users\yarde\onedrive\documents\visual studio 2017\projects\firstproject\firstproject\debug\gamestatus.obj
c:\users\yarde\onedrive\documents\visual studio 2017\projects\firstproject\firstproject\debug\rockpaperscissors.obj
c:\users\yarde\onedrive\documents\visual studio 2017\projects\firstproject\firstproject\debug\cell.obj
c:\users\yarde\onedrive\documents\visual studio 2017\projects\firstproject\firstproject\debug\helperfunctions.obj
c:\users\yarde\onedrive\documents\visual studio 2017\projects\firstproject\debug\firstproject.ilk
c:\users\yarde\onedrive\documents\visual studio 2017\projects\firstproject\debug\firstproject.exe
c:\users\yarde\onedrive\documents\visual studio 2017\projects\firstproject\debug\firstproject.pdb
c:\users\yarde\onedrive\documents\visual studio 2017\projects\firstproject\firstproject\debug\gamestatus.obj.enc
c:\users\yarde\onedrive\documents\visual studio 2017\projects\firstproject\firstproject\debug\rockpaperscissors.obj.enc
c:\users\yarde\onedrive\documents\visual studio 2017\projects\firstproject\firstproject\debug\firstproject.tlog\cl.command.1.tlog
c:\users\yarde\onedrive\documents\visual studio 2017\projects\firstproject\firstproject\debug\firstproject.tlog\cl.read.1.tlog
c:\users\yarde\onedrive\documents\visual studio 2017\projects\firstproject\firstproject\debug\firstproject.tlog\cl.write.1.tlog
c:\users\yarde\onedrive\documents\visual studio 2017\projects\firstproject\firstproject\debug\firstproject.tlog\link-cvtres.read.1.tlog
c:\users\yarde\onedrive\documents\visual studio 2017\projects\firstproject\firstproject\debug\firstproject.tlog\link-cvtres.write.1.tlog
c:\users\yarde\onedrive\documents\visual studio 2017\projects\firstproject\firstproject\debug\firstproject.tlog\link-rc.read.1.tlog
c:\users\yarde\onedrive\documents\visual studio 2017\projects\firstproject\firstproject\debug\firstproject.tlog\link-rc.write.1.tlog
c:\users\yarde\onedrive\documents\visual studio 2017\projects\firstproject\firstproject\debug\firstproject.tlog\link.2944-cvtres.read.1.tlog
c:\users\yarde\onedrive\documents\visual studio 2017\projects\firstproject\firstproject\debug\firstproject.tlog\link.2944-cvtres.write.1.tlog
c:\users\yarde\onedrive\documents\visual studio 2017\projects\firstproject\firstproject\debug\firstproject.tlog\link.2944-rc.read.1.tlog
c:\users\yarde\onedrive\documents\visual studio 2017\projects\firstproject\firstproject\debug\firstproject.tlog\link.2944-rc.write.1.tlog
c:\users\yarde\onedrive\documents\visual studio 2017\projects\firstproject\firstproject\debug\firstproject.tlog\link.2944.read.1.tlog
c:\users\yarde\onedrive\documents\visual studio 2017\projects\firstproject\firstproject\debug\firstproject.tlog\link.2944.write.1.tlog
c:\users\yarde\onedrive\documents\visual studio 2017\projects\firstproject\firstproject\debug\firstproject.tlog\link.command.1.tlog
c:\users\yarde\onedrive\documents\visual studio 2017\projects\firstproject\firstproject\debug\firstproject.tlog\link.read.1.tlog
c:\users\yarde\onedrive\documents\visual studio 2017\projects\firstproject\firstproject\debug\firstproject.tlog\link.write.1.tlog
